<?xml version="1.0" encoding="utf-8"?><testsuites name="pytest tests"><testsuite name="pytest" errors="0" failures="0" skipped="0" tests="11" time="2.408" timestamp="2026-05-17T18:15:36.353139+00:00" hostname="agent-env-bfc35a76-03ca-4d3f-8a5b-8f293b7402a0"><testcase classname="tests.test_discord_bot.TestPublicEndpoints" name="test_health" time="0.223" /><testcase classname="tests.test_discord_bot.TestPublicEndpoints" name="test_install_link" time="0.165" /><testcase classname="tests.test_discord_bot.TestPublicEndpoints" name="test_usage_stats_shape" time="0.100" /><testcase classname="tests.test_discord_bot.TestPublicEndpoints" name="test_usage_recent_no_objectid_leak" time="0.153" /><testcase classname="tests.test_discord_bot.TestSignatureSecurity" name="test_missing_signature_returns_401" time="0.171" /><testcase classname="tests.test_discord_bot.TestSignatureSecurity" name="test_invalid_signature_returns_401" time="0.164" /><testcase classname="tests.test_discord_bot.TestSignedInteractions" name="test_ping_returns_pong" time="0.279" /><testcase classname="tests.test_discord_bot.TestSignedInteractions" name="test_bad_signature_in_process" time="0.002" /><testcase classname="tests.test_discord_bot.TestSignedInteractions" name="test_use_command_full_flow" time="0.315" /><testcase classname="tests.test_discord_bot.TestStatsAfterUse" name="test_stats_incremented_after_use" time="0.391" /><testcase classname="tests.test_discord_bot.TestRegisterCommands" name="test_register_commands_endpoint" time="0.372" /></testsuite></testsuites>